<?xml version="1.0" encoding="UTF-8"?>
<coverage generated="1677822542861" clover="3.2.0">
  <project timestamp="1677822542861" name="All files">
    <metrics statements="52" coveredstatements="28" conditionals="4" coveredconditionals="0" methods="13" coveredmethods="0" elements="69" coveredelements="28" complexity="0" loc="52" ncloc="52" packages="3" files="5" classes="5"/>
    <package name="src">
      <metrics statements="18" coveredstatements="11" conditionals="0" coveredconditionals="0" methods="6" coveredmethods="0"/>
      <file name="app.controller.ts" path="D:\NestJS-Jwt-Authentication-master\src\app.controller.ts">
        <metrics statements="15" coveredstatements="9" conditionals="0" coveredconditionals="0" methods="5" coveredmethods="0"/>
        <line num="1" count="1" type="stmt"/>
        <line num="2" count="1" type="stmt"/>
        <line num="3" count="1" type="stmt"/>
        <line num="4" count="1" type="stmt"/>
        <line num="10" count="1" type="stmt"/>
        <line num="11" count="0" type="stmt"/>
        <line num="12" count="0" type="stmt"/>
        <line num="15" count="1" type="stmt"/>
        <line num="16" count="0" type="stmt"/>
        <line num="21" count="1" type="stmt"/>
        <line num="22" count="0" type="stmt"/>
        <line num="31" count="1" type="stmt"/>
        <line num="32" count="0" type="stmt"/>
        <line num="37" count="1" type="stmt"/>
        <line num="38" count="0" type="stmt"/>
      </file>
      <file name="app.service.ts" path="D:\NestJS-Jwt-Authentication-master\src\app.service.ts">
        <metrics statements="3" coveredstatements="2" conditionals="0" coveredconditionals="0" methods="1" coveredmethods="0"/>
        <line num="1" count="1" type="stmt"/>
        <line num="4" count="1" type="stmt"/>
        <line num="6" count="0" type="stmt"/>
      </file>
    </package>
    <package name="src.auth">
      <metrics statements="19" coveredstatements="5" conditionals="4" coveredconditionals="0" methods="4" coveredmethods="0"/>
      <file name="auth.service.ts" path="D:\NestJS-Jwt-Authentication-master\src\auth\auth.service.ts">
        <metrics statements="19" coveredstatements="5" conditionals="4" coveredconditionals="0" methods="4" coveredmethods="0"/>
        <line num="1" count="2" type="stmt"/>
        <line num="2" count="2" type="stmt"/>
        <line num="3" count="2" type="stmt"/>
        <line num="4" count="2" type="stmt"/>
        <line num="7" count="2" type="stmt"/>
        <line num="9" count="0" type="stmt"/>
        <line num="10" count="0" type="stmt"/>
        <line num="15" count="0" type="stmt"/>
        <line num="16" count="0" type="cond" truecount="0" falsecount="4"/>
        <line num="17" count="0" type="stmt"/>
        <line num="21" count="0" type="stmt"/>
        <line num="23" count="0" type="stmt"/>
        <line num="27" count="0" type="stmt"/>
        <line num="28" count="0" type="stmt"/>
        <line num="35" count="0" type="stmt"/>
        <line num="36" count="0" type="stmt"/>
        <line num="37" count="0" type="stmt"/>
        <line num="38" count="0" type="stmt"/>
        <line num="39" count="0" type="stmt"/>
      </file>
    </package>
    <package name="src.users">
      <metrics statements="15" coveredstatements="12" conditionals="0" coveredconditionals="0" methods="3" coveredmethods="0"/>
      <file name="users.service.ts" path="D:\NestJS-Jwt-Authentication-master\src\users\users.service.ts">
        <metrics statements="8" coveredstatements="5" conditionals="0" coveredconditionals="0" methods="3" coveredmethods="0"/>
        <line num="1" count="3" type="stmt"/>
        <line num="2" count="3" type="stmt"/>
        <line num="3" count="3" type="stmt"/>
        <line num="4" count="3" type="stmt"/>
        <line num="7" count="3" type="stmt"/>
        <line num="8" count="0" type="stmt"/>
        <line num="12" count="0" type="stmt"/>
        <line num="18" count="0" type="stmt"/>
      </file>
      <file name="users.ts" path="D:\NestJS-Jwt-Authentication-master\src\users\users.ts">
        <metrics statements="7" coveredstatements="7" conditionals="0" coveredconditionals="0" methods="0" coveredmethods="0"/>
        <line num="1" count="3" type="stmt"/>
        <line num="4" count="3" type="stmt"/>
        <line num="6" count="3" type="stmt"/>
        <line num="9" count="3" type="stmt"/>
        <line num="12" count="3" type="stmt"/>
        <line num="15" count="3" type="stmt"/>
        <line num="18" count="3" type="stmt"/>
      </file>
    </package>
  </project>
</coverage>
